c:\users\комп\documents\visual studio 2015\projects\projectgraphs\projectgraphs\debug\vc140.pdb
c:\users\комп\documents\visual studio 2015\projects\projectgraphs\projectgraphs\debug\.netframework,version=v4.5.2.assemblyattributes.obj
c:\users\комп\documents\visual studio 2015\projects\projectgraphs\projectgraphs\debug\.netframework,version=v4.5.2.assemblyattributes.asm
c:\users\комп\documents\visual studio 2015\projects\projectgraphs\projectgraphs\debug\myform.obj
c:\users\комп\documents\visual studio 2015\projects\projectgraphs\projectgraphs\debug\ttree.obj
c:\users\комп\documents\visual studio 2015\projects\projectgraphs\projectgraphs\debug\node.obj
c:\users\комп\documents\visual studio 2015\projects\projectgraphs\projectgraphs\debug\adjacencies.obj
c:\users\комп\documents\visual studio 2015\projects\projectgraphs\debug\projectgraphs.exe
c:\users\комп\documents\visual studio 2015\projects\projectgraphs\debug\projectgraphs.pdb
c:\users\комп\documents\visual studio 2015\projects\projectgraphs\projectgraphs\debug\projectgraphs.myform.resources
c:\users\комп\documents\visual studio 2015\projects\projectgraphs\projectgraphs\debug\projectgraphs.vcxproj.generateresource.cache
c:\users\комп\documents\visual studio 2015\projects\projectgraphs\projectgraphs\debug\projectgraphs.vcxprojresolveassemblyreference.cache
c:\users\комп\documents\visual studio 2015\projects\projectgraphs\projectgraphs\debug\projectgraphs.tlog\cl.command.1.tlog
c:\users\комп\documents\visual studio 2015\projects\projectgraphs\projectgraphs\debug\projectgraphs.tlog\cl.read.1.tlog
c:\users\комп\documents\visual studio 2015\projects\projectgraphs\projectgraphs\debug\projectgraphs.tlog\cl.write.1.tlog
c:\users\комп\documents\visual studio 2015\projects\projectgraphs\projectgraphs\debug\projectgraphs.tlog\link.command.1.tlog
c:\users\комп\documents\visual studio 2015\projects\projectgraphs\projectgraphs\debug\projectgraphs.tlog\link.read.1.tlog
c:\users\комп\documents\visual studio 2015\projects\projectgraphs\projectgraphs\debug\projectgraphs.tlog\link.write.1.tlog
c:\users\комп\documents\visual studio 2015\projects\projectgraphs\projectgraphs\debug\projectgraphs.tlog\metagen.read.1.tlog
c:\users\комп\documents\visual studio 2015\projects\projectgraphs\projectgraphs\debug\projectgraphs.tlog\metagen.write.1.tlog
c:\users\комп\documents\visual studio 2015\projects\projectgraphs\projectgraphs\debug\projectgraphs.tlog\projectgraphs.write.1u.tlog
c:\users\комп\documents\visual studio 2015\projects\projectgraphs\projectgraphs\debug\projectgraphs.tlog\tzres.dll.bi
